<?xml version="1.0" encoding="UTF-8"?>
<!-- Generated by org.testng.reporters.JUnitXMLReporter -->
<testsuite ignored="0" hostname="LAPTOP-IOBU0KIJ" failures="1" tests="14" name="Test" time="31.017" errors="0" timestamp="2024-09-09T19:39:21 AEST">
  <testcase classname="testcases.TC001_TestToVerifyCreatePetwithValidData" name="createPet_ValidData" time="4.68"/>
  <testcase classname="testcases.TC001_TestToVerifyCreatePetwithValidData" name="createPet_ValidData" time="2.09"/>
  <testcase classname="testcases.TC001_TestToVerifyCreatePetwithValidData" name="createPet_ValidData" time="1.69"/>
  <testcase classname="testcases.TC002_TestToVerifyCreatePetwithMissingRequiredFields" name="createPet_MissingRequiredFields" time="1.525"/>
  <testcase classname="testcases.TC003_TestToVerifyGetPetwithValidData" name="getPet_ValidId" time="1.838"/>
  <testcase classname="testcases.TC003_TestToVerifyGetPetwithValidData" name="getPet_ValidId" time="1.883"/>
  <testcase classname="testcases.TC004_TestToVerifyGetPetwithInValidData" name="getPet_InvalidId" time="1.249"/>
  <testcase classname="testcases.TC005_TestToVerifyUpdatePetwithValidData" name="updatePet_ValidData" time="1.215"/>
  <testcase classname="testcases.TC005_TestToVerifyUpdatePetwithValidData" name="updatePet_ValidData" time="1.592"/>
  <testcase classname="testcases.TC006_TestToVerifyDeletePetwithValidData" name="deletePet_ValidId" time="2.41"/>
  <testcase classname="testcases.TC006_TestToVerifyDeletePetwithValidData" name="deletePet_ValidId" time="2.255"/>
  <testcase classname="testcases.TC007_TestToVerifyDeletePetwithInvalidData" name="deletePet_InvalidId" time="2.112"/>
  <testcase classname="testcases.TC008_TestToVerifyCreatePetwithIncorrectJsonFormat" name="createPet_IncorrectJSONFormat" time="1.877"/>
  <testcase classname="testcases.TC009_TestToVerifyCreatePetwithInValidFieldType" name="createPet_InvalidFieldType" time="1.727">
    <failure type="java.lang.AssertionError" message="1 expectation failed.
Expected status code &amp;lt;400&amp;gt; but was &amp;lt;500&amp;gt;.
">
      <![CDATA[java.lang.AssertionError: 1 expectation failed.
Expected status code <400> but was <500>.

at org.codehaus.groovy.runtime.callsite.ConstructorSite$ConstructorSiteNoUnwrap.callConstructor(ConstructorSite.java:84)
at org.codehaus.groovy.runtime.callsite.CallSiteArray.defaultCallConstructor(CallSiteArray.java:59)
at org.codehaus.groovy.runtime.callsite.AbstractCallSite.callConstructor(AbstractCallSite.java:263)
at org.codehaus.groovy.runtime.callsite.AbstractCallSite.callConstructor(AbstractCallSite.java:277)
at io.restassured.internal.ResponseSpecificationImpl$HamcrestAssertionClosure.validate(ResponseSpecificationImpl.groovy:493)
at io.restassured.internal.ResponseSpecificationImpl$HamcrestAssertionClosure$validate$1.call(Unknown Source)
at io.restassured.internal.ResponseSpecificationImpl.validateResponseIfRequired(ResponseSpecificationImpl.groovy:674)
at org.codehaus.groovy.runtime.callsite.PlainObjectMetaMethodSite.doInvoke(PlainObjectMetaMethodSite.java:43)
at org.codehaus.groovy.runtime.callsite.PogoMetaMethodSite$PogoCachedMethodSiteNoUnwrapNoCoerce.invoke(PogoMetaMethodSite.java:193)
at org.codehaus.groovy.runtime.callsite.PogoMetaMethodSite.callCurrent(PogoMetaMethodSite.java:61)
at org.codehaus.groovy.runtime.callsite.AbstractCallSite.callCurrent(AbstractCallSite.java:185)
at io.restassured.internal.ResponseSpecificationImpl.statusCode(ResponseSpecificationImpl.groovy:126)
at io.restassured.specification.ResponseSpecification$statusCode$0.callCurrent(Unknown Source)
at io.restassured.internal.ResponseSpecificationImpl.statusCode(ResponseSpecificationImpl.groovy:134)
at io.restassured.internal.ValidatableResponseOptionsImpl.statusCode(ValidatableResponseOptionsImpl.java:89)
at io.restassured.internal.ValidatableResponseImpl.super$2$statusCode(ValidatableResponseImpl.groovy)
at groovy.lang.MetaMethod.doMethodInvoke(MetaMethod.java:323)
at groovy.lang.MetaClassImpl.invokeMethod(MetaClassImpl.java:1268)
at org.codehaus.groovy.runtime.ScriptBytecodeAdapter.invokeMethodOnSuperN(ScriptBytecodeAdapter.java:144)
at io.restassured.internal.ValidatableResponseImpl.statusCode(ValidatableResponseImpl.groovy:142)
at io.restassured.internal.ValidatableResponseImpl.statusCode(ValidatableResponseImpl.groovy)
at testcases.TC009_TestToVerifyCreatePetwithInValidFieldType.createPet_InvalidFieldType(TC009_TestToVerifyCreatePetwithInValidFieldType.java:50)
at java.base/java.util.ArrayList.forEach(ArrayList.java:1511)
... Removed 42 stack frames]]>
    </failure>
  </testcase> <!-- createPet_InvalidFieldType -->
</testsuite> <!-- Test -->
